config...
-------------------------
script version: 1.0
Namespace(data=['./data/HER2/'], drug=['neratinib'], load=['normalized'], nclus=[3], out=['./output/'], resample_sz=[50], resistant_line=['T798I'], sensitive_line=['WT'])

2021-04-25 15:26:18.980532
-------------------------

sloading data...
# of datasets to load: 7

filtering to drug and removing NAs...
Data shape (untreated + drug): (9522, 478)
length of time series BEFORE removing time points with NA 234
length of time series AFTER removing time points with NA 139

resampling time series...
Training data shape BEFORE resampling: (9522, 139, 2)
Training data shape AFTER resampling: (9522, 50, 2)

performing time-series kmeans clustering...

4.141 --> 2.589 --> 2.438 --> 2.426 --> 2.422 --> 2.420 --> 2.418 --> 2.417 --> 2.417 --> 2.417 --> 2.416 --> 2.416 --> 2.416 --> 2.416 --> 2.416 --> 2.416 --> 2.416 --> 2.416 --> 2.416 --> 2.416 --> 2.416 --> 2.416 --> 


quantifying experiment by cluster proportions...

performing dim. reduction (pca)...
PCA explained variance ratio: [0.81755258 0.18244742]
PC shape: (124, 2)

training classifier...
sensitive line: WT
resistant line: T798I
drug: neratinib
drug + WT df size:  (14, 4)
X train shape: (14, 2)
# neg class (resistant): 7
# pos class (sensitive): 7

predicting unlabeled sensitivities...

saving results...
